2024-02-27 15:40:15,810 [Worker-5: Loading available Gradle versions] INFO  o.e.b.c.i.u.g.PublishedGradleVersions - Gradle version information cache is up-to-date. Trying to read.
2024-06-28 16:23:34,062 [Worker-3: Loading available Gradle versions] INFO  o.e.b.c.i.u.g.PublishedGradleVersions - Gradle version information cache is out-of-date. Trying to update.
2024-06-28 16:29:10,439 [Worker-7: Importing Maven projects] INFO  o.e.m.c.i.l.LifecycleMappingFactory - Using org.eclipse.m2e.jdt.JarLifecycleMapping lifecycle mapping for MavenProject: SmartPolicy:DemoInsurance:0.0.1-SNAPSHOT @ C:\Users\Administrator\eclipse-workspace\SmartPolicyBrokerPortal_TestAutomation\SmartPolicy-(Demo-Tanzania)BrokerPortal\pom.xml.
2024-06-28 16:29:17,763 [Worker-7: Importing Maven projects] INFO  o.e.m.c.i.e.AbstractTransferListenerAdapter - Downloading https://repo.maven.apache.org/maven2/io/cucumber/messages/maven-metadata.xml
2024-06-28 16:29:17,850 [Worker-7: Importing Maven projects] INFO  o.e.m.c.i.e.AbstractTransferListenerAdapter - Downloaded https://repo.maven.apache.org/maven2/io/cucumber/messages/maven-metadata.xml
2024-06-28 16:29:40,267 [Worker-7: Importing Maven projects] INFO  o.e.m.j.i.AbstractJavaProjectConfigurator - Adding source folder /DemoInsurance/src/main/java
2024-06-28 16:29:40,271 [Worker-7: Importing Maven projects] INFO  o.e.m.j.i.AbstractJavaProjectConfigurator - Adding resource folder /DemoInsurance/src/main/resources
2024-06-28 16:29:40,278 [Worker-7: Importing Maven projects] INFO  o.e.m.j.i.AbstractJavaProjectConfigurator - Adding source folder /DemoInsurance/src/test/java
2024-06-28 16:29:40,281 [Worker-7: Importing Maven projects] INFO  o.e.m.j.i.AbstractJavaProjectConfigurator - Adding resource folder /DemoInsurance/src/test/resources
2024-06-28 16:29:40,821 [Worker-7: Importing Maven projects] INFO  o.e.m.c.i.p.ProjectConfigurationManager - Imported and configured 1 project(s) in 81 sec
2024-06-28 16:29:42,337 [Worker-14: Updating Maven Project] INFO  o.e.m.c.i.p.ProjectConfigurationManager - Update started
2024-06-28 16:29:43,923 [Worker-14: Updating Maven Project] INFO  o.e.m.c.i.l.LifecycleMappingFactory - Using org.eclipse.m2e.jdt.JarLifecycleMapping lifecycle mapping for MavenProject: SmartPolicy:DemoInsurance:0.0.1-SNAPSHOT @ C:\Users\Administrator\eclipse-workspace\SmartPolicyBrokerPortal_TestAutomation\SmartPolicy-(Demo-Tanzania)BrokerPortal\pom.xml.
2024-06-28 16:29:48,128 [Worker-14: Updating Maven Project] INFO  o.e.m.j.i.AbstractJavaProjectConfigurator - Adding source folder /DemoInsurance/src/main/java
2024-06-28 16:29:48,129 [Worker-14: Updating Maven Project] INFO  o.e.m.j.i.AbstractJavaProjectConfigurator - Adding resource folder /DemoInsurance/src/main/resources
2024-06-28 16:29:48,131 [Worker-14: Updating Maven Project] INFO  o.e.m.j.i.AbstractJavaProjectConfigurator - Adding source folder /DemoInsurance/src/test/java
2024-06-28 16:29:48,133 [Worker-14: Updating Maven Project] INFO  o.e.m.j.i.AbstractJavaProjectConfigurator - Adding resource folder /DemoInsurance/src/test/resources
2024-06-28 16:29:49,782 [Worker-14: Updating Maven Project] INFO  o.e.m.c.i.p.ProjectConfigurationManager - Update completed for 1 poms: local refresh takes 0.00 sec, refresh facades takes 5.00 sec, update config takes 0.00 sec 
2024-06-28 16:30:36,158 [Worker-2: Loading available Gradle versions] INFO  o.e.b.c.i.u.g.PublishedGradleVersions - Gradle version information cache is up-to-date. Trying to read.
2024-06-28 16:32:43,486 [Worker-6: Updating Maven Dependencies] INFO  o.e.m.c.i.l.LifecycleMappingFactory - Using org.eclipse.m2e.jdt.JarLifecycleMapping lifecycle mapping for MavenProject: SmartPolicy:DemoInsurance:0.0.1-SNAPSHOT @ C:\Users\Administrator\eclipse-workspace\SmartPolicyBrokerPortal_TestAutomation\SmartPolicy-(Demo-Tanzania)BrokerPortal\pom.xml.
2024-06-28 16:33:59,055 [Worker-4: Building] INFO  o.e.m.c.i.l.LifecycleMappingFactory - Using org.eclipse.m2e.jdt.JarLifecycleMapping lifecycle mapping for MavenProject: SmartPolicy:DemoInsurance:0.0.1-SNAPSHOT @ C:\Users\Administrator\eclipse-workspace\SmartPolicyBrokerPortal_TestAutomation\SmartPolicy-(Demo-Tanzania)BrokerPortal\pom.xml.
2024-06-28 16:34:06,832 [Worker-4: Building] INFO  o.a.m.s.f.DefaultMavenResourcesFiltering - skip non existing resourceDirectory C:\Users\Administrator\eclipse-workspace\SmartPolicyBrokerPortal_TestAutomation\SmartPolicy-(Demo-Tanzania)BrokerPortal\src\main\resources
2024-06-28 16:34:06,857 [Worker-4: Building] INFO  o.a.m.s.f.DefaultMavenResourcesFiltering - Copying 30 resources from src\test\resources to target\test-classes
2024-06-28 16:38:32,145 [Worker-11: Building] INFO  o.a.m.s.f.DefaultMavenResourcesFiltering - skip non existing resourceDirectory C:\Users\Administrator\eclipse-workspace\SmartPolicyBrokerPortal_TestAutomation\SmartPolicy-(Demo-Tanzania)BrokerPortal\src\main\resources
2024-06-28 16:38:32,177 [Worker-11: Building] INFO  o.a.m.s.f.DefaultMavenResourcesFiltering - Copying 30 resources from src\test\resources to target\test-classes
